SF:lib\auth_page.dart
DA:4,1
DA:6,0
DA:7,0
DA:10,1
DA:11,1
DA:12,1
DA:13,1
DA:23,1
DA:26,1
DA:27,1
DA:28,1
DA:29,0
DA:30,1
DA:33,3
DA:37,1
DA:39,1
DA:40,1
DA:42,1
DA:44,1
DA:55,1
DA:56,1
DA:58,1
DA:60,1
DA:70,2
DA:72,1
DA:78,1
DA:79,1
DA:81,1
DA:83,1
DA:97,1
DA:103,1
DA:105,1
DA:106,1
DA:107,1
DA:108,1
DA:109,1
DA:111,1
DA:113,1
DA:115,1
DA:116,1
DA:127,1
DA:128,4
DA:129,1
DA:130,1
DA:131,2
DA:132,2
DA:142,1
DA:144,3
LF:48
LH:45
end_of_record
SF:lib\cart_page.dart
DA:5,16
DA:7,0
DA:8,0
DA:9,0
DA:10,0
DA:11,0
DA:12,0
DA:17,0
DA:18,0
DA:19,0
DA:20,0
DA:21,0
DA:23,0
DA:25,0
DA:31,0
DA:34,0
DA:35,0
DA:36,0
DA:37,0
DA:38,0
DA:42,0
DA:43,0
DA:44,0
DA:45,0
DA:46,0
DA:50,0
DA:51,0
DA:56,1
DA:58,0
DA:60,0
DA:61,0
DA:62,0
DA:63,0
DA:68,1
DA:70,1
DA:71,1
DA:75,1
DA:77,1
DA:78,1
DA:79,1
DA:80,1
DA:84,0
DA:86,0
DA:87,0
DA:88,0
DA:89,0
DA:90,0
DA:91,0
DA:92,0
DA:93,0
DA:94,0
DA:95,0
DA:96,0
DA:97,0
DA:98,0
DA:99,0
DA:100,0
DA:101,0
DA:102,0
DA:104,0
DA:105,0
DA:107,0
DA:108,0
DA:109,0
DA:111,0
DA:112,0
DA:114,0
DA:124,0
DA:126,0
DA:127,0
DA:128,0
DA:132,0
DA:133,0
DA:134,0
DA:135,0
DA:136,0
DA:137,0
DA:139,0
DA:140,0
DA:141,0
DA:142,0
DA:148,0
DA:149,0
DA:150,0
DA:151,0
DA:152,0
LF:86
LH:10
end_of_record
SF:lib\product_page.dart
DA:5,0
DA:7,2
DA:8,2
DA:23,0
DA:24,0
DA:27,0
DA:30,0
DA:31,0
DA:32,0
DA:35,0
DA:36,0
DA:41,2
DA:45,6
DA:46,2
DA:48,2
DA:49,2
DA:50,2
DA:51,2
DA:52,2
DA:54,2
DA:64,2
DA:67,2
DA:68,2
DA:69,2
DA:70,0
DA:71,2
DA:74,2
DA:75,4
DA:79,2
DA:81,2
DA:82,2
DA:84,2
DA:86,2
DA:88,2
DA:90,2
DA:92,2
DA:102,2
DA:104,2
DA:106,2
DA:108,2
DA:110,2
DA:111,0
DA:112,0
DA:114,0
DA:116,0
DA:118,0
DA:120,0
DA:121,0
DA:122,0
DA:124,0
DA:125,0
DA:126,0
DA:127,0
DA:128,0
DA:129,0
DA:130,0
DA:131,0
DA:137,0
DA:139,0
DA:141,0
DA:142,0
DA:143,0
DA:144,0
DA:145,0
DA:146,0
DA:147,0
DA:149,0
DA:150,0
DA:151,0
DA:163,0
DA:165,0
DA:167,0
DA:174,0
DA:175,0
DA:176,0
DA:177,0
DA:180,0
DA:184,0
DA:185,0
DA:188,0
DA:192,0
DA:195,0
DA:196,0
DA:197,0
DA:198,0
DA:206,0
DA:207,0
DA:209,0
DA:227,0
DA:239,0
DA:241,0
DA:248,0
DA:251,0
DA:256,0
DA:257,0
DA:259,0
DA:261,0
DA:267,0
DA:284,0
LF:99
LH:31
end_of_record
SF:lib\collections_page.dart
DA:4,1
DA:39,0
DA:40,0
DA:43,0
DA:47,1
DA:49,3
DA:50,1
DA:52,1
DA:53,1
DA:54,1
DA:55,1
DA:56,1
DA:58,1
DA:74,1
DA:78,1
DA:79,1
DA:80,1
DA:81,0
DA:82,1
DA:85,2
DA:88,1
DA:95,1
DA:97,1
DA:98,1
DA:99,0
DA:103,1
DA:104,1
DA:108,1
DA:109,1
DA:113,1
DA:114,1
DA:118,1
DA:119,0
DA:144,1
DA:146,1
DA:148,1
DA:154,2
DA:155,1
DA:156,1
DA:157,1
DA:158,1
DA:160,1
DA:168,1
DA:170,1
DA:173,1
DA:174,0
DA:175,0
DA:213,0
DA:215,0
DA:220,0
DA:221,0
DA:222,0
DA:226,0
DA:228,0
DA:233,0
DA:234,0
DA:235,0
DA:236,0
DA:239,0
DA:241,0
DA:250,0
DA:251,0
DA:252,0
DA:261,0
DA:263,0
DA:273,0
DA:275,0
DA:276,0
DA:278,0
DA:280,0
DA:299,1
DA:301,0
DA:303,0
DA:304,0
DA:305,0
DA:306,0
DA:309,0
DA:311,0
DA:313,0
DA:314,0
DA:315,0
DA:316,0
DA:317,0
DA:319,0
DA:323,0
DA:324,0
DA:325,0
DA:326,0
LF:88
LH:40
end_of_record
SF:lib\essential_collection.dart
DA:6,1
DA:31,1
DA:33,3
DA:34,1
DA:36,0
DA:38,1
DA:39,1
DA:40,1
DA:41,1
DA:42,1
DA:49,1
DA:51,1
DA:53,1
DA:54,1
DA:55,1
DA:57,1
DA:59,2
DA:63,1
DA:65,1
DA:77,1
DA:79,1
DA:81,1
DA:86,1
DA:89,2
DA:90,1
DA:92,1
DA:93,1
DA:94,1
DA:95,1
DA:96,1
DA:97,1
DA:98,1
DA:101,0
DA:106,2
DA:108,2
DA:110,1
DA:111,0
DA:113,0
DA:114,0
DA:116,1
DA:121,1
DA:139,2
DA:141,1
DA:143,1
DA:145,1
DA:147,1
DA:148,0
DA:149,0
DA:178,0
DA:180,0
DA:183,0
DA:184,0
DA:185,0
DA:189,0
DA:191,0
DA:194,0
DA:195,0
DA:196,0
DA:197,0
DA:200,0
DA:202,0
DA:211,0
DA:212,0
DA:213,0
DA:222,0
DA:224,0
DA:234,0
DA:236,0
DA:237,0
DA:239,0
DA:241,0
LF:71
LH:41
end_of_record
SF:lib\top_navbar.dart
DA:6,2
DA:8,6
DA:10,6
DA:11,6
DA:12,6
DA:22,6
DA:24,6
DA:25,3
DA:26,6
DA:33,3
DA:36,6
DA:37,3
DA:38,3
DA:39,3
DA:40,3
DA:41,3
DA:42,3
DA:44,0
DA:45,3
DA:47,3
DA:49,3
DA:50,0
DA:53,0
DA:55,0
DA:56,0
DA:67,0
DA:68,0
DA:69,0
DA:70,0
DA:71,0
DA:74,0
DA:79,0
DA:81,0
DA:83,0
DA:84,0
DA:86,0
DA:87,0
DA:89,0
DA:90,0
DA:92,0
DA:93,0
DA:95,0
DA:96,0
DA:98,0
DA:99,0
DA:103,0
DA:113,0
DA:119,3
DA:120,3
DA:121,3
DA:122,0
DA:123,3
DA:126,6
DA:131,3
DA:132,3
DA:134,3
DA:136,3
DA:137,3
DA:141,3
DA:143,0
DA:144,0
DA:145,0
DA:147,0
DA:154,3
DA:156,3
DA:158,3
DA:165,3
LF:67
LH:35
end_of_record
SF:lib\sale_collection.dart
DA:6,0
DA:39,1
DA:41,3
DA:42,1
DA:44,1
DA:45,1
DA:46,1
DA:47,1
DA:48,1
DA:50,1
DA:63,1
DA:65,1
DA:77,1
DA:79,1
DA:81,1
DA:87,2
DA:88,1
DA:89,1
DA:90,1
DA:91,1
DA:92,1
DA:93,1
DA:95,1
DA:102,1
DA:104,1
DA:106,1
DA:107,0
DA:108,0
DA:137,0
DA:139,0
DA:142,0
DA:143,0
DA:144,0
DA:148,0
DA:150,0
DA:153,0
DA:154,0
DA:155,0
DA:156,0
DA:159,0
DA:161,0
DA:170,0
DA:171,0
DA:172,0
DA:181,0
DA:183,0
DA:193,0
DA:195,0
DA:196,0
DA:198,0
DA:200,0
DA:221,1
DA:230,0
DA:232,0
DA:233,0
DA:234,0
DA:235,0
DA:237,0
DA:239,0
DA:241,0
DA:242,0
DA:243,0
DA:244,0
DA:245,0
DA:246,0
DA:248,0
DA:251,0
DA:254,0
DA:258,0
DA:259,0
DA:263,0
DA:265,0
DA:266,0
DA:268,0
DA:269,0
DA:270,0
DA:272,0
LF:77
LH:26
end_of_record
SF:lib\shop_menu.dart
DA:4,1
DA:15,0
DA:16,0
DA:18,0
DA:19,0
DA:20,0
DA:22,0
DA:23,0
DA:24,0
DA:25,0
DA:26,0
DA:27,0
DA:28,0
DA:39,4
DA:41,8
DA:42,8
DA:46,0
DA:47,0
DA:54,4
DA:57,8
DA:58,0
DA:59,0
DA:60,0
DA:62,0
DA:66,0
LF:25
LH:6
end_of_record
SF:lib\main.dart
DA:15,0
DA:16,0
DA:20,2
DA:22,0
DA:24,0
DA:27,0
DA:28,0
DA:31,0
DA:32,0
DA:33,0
DA:34,0
DA:35,0
DA:36,0
DA:37,0
DA:38,0
DA:39,0
DA:40,0
DA:41,0
DA:48,2
DA:50,0
DA:51,0
DA:54,0
DA:55,0
DA:58,0
DA:62,2
DA:64,2
DA:65,0
DA:66,2
DA:67,2
DA:68,2
DA:69,2
DA:74,2
DA:75,2
DA:76,2
DA:77,2
DA:79,2
DA:82,2
DA:83,2
DA:85,2
DA:86,2
DA:93,2
DA:94,2
DA:95,2
DA:102,2
DA:103,2
DA:104,2
DA:106,2
DA:109,2
DA:130,2
DA:131,2
DA:132,2
DA:154,2
DA:156,2
DA:158,2
DA:159,2
DA:169,2
DA:173,8
DA:209,2
DA:211,2
DA:213,2
DA:214,1
DA:215,2
DA:243,1
DA:245,1
DA:248,2
DA:249,2
DA:250,2
DA:254,1
DA:256,1
DA:259,1
DA:260,1
DA:261,1
DA:262,1
DA:265,1
DA:267,2
DA:276,1
DA:277,1
DA:278,0
DA:287,1
DA:289,1
DA:299,0
DA:301,0
DA:302,0
DA:304,0
DA:306,0
DA:329,2
DA:336,2
DA:338,2
DA:339,0
DA:340,0
DA:342,2
DA:344,2
DA:346,2
DA:347,2
DA:348,2
DA:349,2
DA:350,2
DA:351,2
DA:352,4
DA:353,2
DA:354,2
DA:357,1
DA:358,1
DA:359,1
DA:368,0
DA:369,0
DA:372,0
DA:373,0
DA:374,0
DA:385,2
DA:387,2
DA:389,2
DA:390,2
DA:395,2
DA:396,2
LF:115
LH:79
end_of_record
SF:lib\about_us.dart
DA:5,2
DA:7,0
DA:10,0
DA:11,0
DA:13,0
DA:18,0
DA:34,0
DA:36,0
DA:37,0
DA:110,0
DA:111,0
DA:113,0
DA:114,0
DA:115,0
DA:143,0
DA:145,0
DA:148,0
DA:149,0
DA:150,0
DA:154,0
DA:156,0
DA:159,0
DA:160,0
DA:161,0
DA:162,0
DA:165,0
DA:167,0
DA:176,0
DA:177,0
DA:178,0
DA:187,0
DA:189,0
DA:199,0
DA:201,0
DA:202,0
DA:204,0
DA:206,0
LF:37
LH:1
end_of_record
SF:lib\print_shack_text.dart
DA:5,2
DA:7,1
DA:8,1
DA:35,1
DA:37,1
DA:38,1
DA:41,1
DA:42,3
DA:43,2
DA:44,0
DA:46,4
DA:47,5
DA:48,0
DA:50,2
DA:53,0
DA:54,0
DA:56,0
DA:58,0
DA:59,0
DA:62,0
DA:64,0
DA:65,0
DA:68,1
DA:70,3
DA:72,1
DA:73,1
DA:74,1
DA:76,1
DA:78,1
DA:83,1
DA:84,1
DA:87,1
DA:88,1
DA:89,7
DA:90,0
DA:92,0
DA:93,0
DA:99,1
DA:100,1
DA:101,5
DA:102,0
DA:104,0
DA:113,1
DA:114,1
DA:117,1
DA:118,1
DA:119,6
DA:120,0
DA:122,0
DA:128,1
DA:129,1
DA:130,6
DA:131,0
DA:133,0
DA:142,1
DA:143,1
DA:144,1
DA:145,3
DA:146,0
DA:154,1
DA:157,3
DA:158,1
DA:159,3
DA:160,1
DA:162,2
DA:163,4
DA:170,1
DA:171,1
DA:172,1
DA:173,1
DA:174,1
DA:178,1
DA:179,0
LF:73
LH:52
end_of_record
SF:lib\print_shack_about.dart
DA:4,2
DA:6,1
DA:8,1
DA:9,1
DA:10,1
DA:12,1
DA:14,1
DA:16,1
DA:55,1
DA:56,1
DA:57,1
DA:58,1
DA:59,0
DA:63,1
DA:64,0
LF:15
LH:13
end_of_record
